<?xml version="1.0" encoding="UTF-8"?>
<testng-results ignored="0" total="7" passed="7" failed="0" skipped="0">
  <reporter-output>
  </reporter-output>
  <suite started-at="2023-02-20T01:44:07 EST" name="Suite" finished-at="2023-02-20T01:45:30 EST" duration-ms="82772">
    <groups>
      <group name="cucumber">
        <method signature="AbstractTestNGCucumberTests.runScenario(io.cucumber.testng.PickleWrapper,io.cucumber.testng.FeatureWrapper)[pri:0, instance:runner.ParallelRun@291ae]" name="runScenario" class="io.cucumber.testng.AbstractTestNGCucumberTests"/>
      </group> <!-- cucumber -->
    </groups>
    <test started-at="2023-02-20T01:44:07 EST" name="Test" finished-at="2023-02-20T01:45:30 EST" duration-ms="82772">
      <class name="runner.ParallelRun">
        <test-method is-config="true" signature="setUpClass(org.testng.ITestContext)[pri:0, instance:runner.ParallelRun@291ae]" started-at="2023-02-20T01:44:07 EST" name="setUpClass" finished-at="2023-02-20T01:44:09 EST" duration-ms="1733" status="PASS">
          <params>
            <param index="0">
              <value>
                <![CDATA[org.testng.TestRunner@39685204]]>
              </value>
            </param>
          </params>
          <reporter-output>
          </reporter-output>
        </test-method> <!-- setUpClass -->
        <test-method signature="runScenario(io.cucumber.testng.PickleWrapper,io.cucumber.testng.FeatureWrapper)[pri:0, instance:runner.ParallelRun@291ae]" started-at="2023-02-20T01:44:09 EST" name="runScenario" description="Runs Cucumber Scenarios" data-provider="scenarios" finished-at="2023-02-20T01:44:35 EST" duration-ms="25636" status="PASS">
          <params>
            <param index="0">
              <value>
                <![CDATA["Verify the account details in the home page by creating an account, Signout and SignIN"]]>
              </value>
            </param>
            <param index="1">
              <value>
                <![CDATA["Optional[Create an Account]"]]>
              </value>
            </param>
          </params>
          <reporter-output>
          </reporter-output>
        </test-method> <!-- runScenario -->
        <test-method signature="runScenario(io.cucumber.testng.PickleWrapper,io.cucumber.testng.FeatureWrapper)[pri:0, instance:runner.ParallelRun@291ae]" started-at="2023-02-20T01:44:35 EST" name="runScenario" description="Runs Cucumber Scenarios" data-provider="scenarios" finished-at="2023-02-20T01:44:44 EST" duration-ms="9275" status="PASS">
          <params>
            <param index="0">
              <value>
                <![CDATA["Verify the error message when mandatory details is missed while doing registration"]]>
              </value>
            </param>
            <param index="1">
              <value>
                <![CDATA["Optional[Create an Account]"]]>
              </value>
            </param>
          </params>
          <reporter-output>
          </reporter-output>
        </test-method> <!-- runScenario -->
        <test-method signature="runScenario(io.cucumber.testng.PickleWrapper,io.cucumber.testng.FeatureWrapper)[pri:0, instance:runner.ParallelRun@291ae]" started-at="2023-02-20T01:44:44 EST" name="runScenario" description="Runs Cucumber Scenarios" data-provider="scenarios" finished-at="2023-02-20T01:44:52 EST" duration-ms="7824" status="PASS">
          <params>
            <param index="0">
              <value>
                <![CDATA["Verify the error message when mandatory details is missed while doing registration"]]>
              </value>
            </param>
            <param index="1">
              <value>
                <![CDATA["Optional[Create an Account]"]]>
              </value>
            </param>
          </params>
          <reporter-output>
          </reporter-output>
        </test-method> <!-- runScenario -->
        <test-method signature="runScenario(io.cucumber.testng.PickleWrapper,io.cucumber.testng.FeatureWrapper)[pri:0, instance:runner.ParallelRun@291ae]" started-at="2023-02-20T01:44:52 EST" name="runScenario" description="Runs Cucumber Scenarios" data-provider="scenarios" finished-at="2023-02-20T01:44:59 EST" duration-ms="7376" status="PASS">
          <params>
            <param index="0">
              <value>
                <![CDATA["Verify the error message when mandatory details is missed while doing registration"]]>
              </value>
            </param>
            <param index="1">
              <value>
                <![CDATA["Optional[Create an Account]"]]>
              </value>
            </param>
          </params>
          <reporter-output>
          </reporter-output>
        </test-method> <!-- runScenario -->
        <test-method signature="runScenario(io.cucumber.testng.PickleWrapper,io.cucumber.testng.FeatureWrapper)[pri:0, instance:runner.ParallelRun@291ae]" started-at="2023-02-20T01:44:59 EST" name="runScenario" description="Runs Cucumber Scenarios" data-provider="scenarios" finished-at="2023-02-20T01:45:07 EST" duration-ms="7582" status="PASS">
          <params>
            <param index="0">
              <value>
                <![CDATA["Verify the error message when mandatory details is missed while doing registration"]]>
              </value>
            </param>
            <param index="1">
              <value>
                <![CDATA["Optional[Create an Account]"]]>
              </value>
            </param>
          </params>
          <reporter-output>
          </reporter-output>
        </test-method> <!-- runScenario -->
        <test-method signature="runScenario(io.cucumber.testng.PickleWrapper,io.cucumber.testng.FeatureWrapper)[pri:0, instance:runner.ParallelRun@291ae]" started-at="2023-02-20T01:45:07 EST" name="runScenario" description="Runs Cucumber Scenarios" data-provider="scenarios" finished-at="2023-02-20T01:45:14 EST" duration-ms="7248" status="PASS">
          <params>
            <param index="0">
              <value>
                <![CDATA["Verify the error message when mandatory details is missed while doing registration"]]>
              </value>
            </param>
            <param index="1">
              <value>
                <![CDATA["Optional[Create an Account]"]]>
              </value>
            </param>
          </params>
          <reporter-output>
          </reporter-output>
        </test-method> <!-- runScenario -->
        <test-method signature="runScenario(io.cucumber.testng.PickleWrapper,io.cucumber.testng.FeatureWrapper)[pri:0, instance:runner.ParallelRun@291ae]" started-at="2023-02-20T01:45:14 EST" name="runScenario" description="Runs Cucumber Scenarios" data-provider="scenarios" finished-at="2023-02-20T01:45:21 EST" duration-ms="6697" status="PASS">
          <params>
            <param index="0">
              <value>
                <![CDATA["Verify the error message when all fields are missed while doing registration"]]>
              </value>
            </param>
            <param index="1">
              <value>
                <![CDATA["Optional[Create an Account]"]]>
              </value>
            </param>
          </params>
          <reporter-output>
          </reporter-output>
        </test-method> <!-- runScenario -->
        <test-method is-config="true" signature="tearDownClass()[pri:0, instance:runner.ParallelRun@291ae]" started-at="2023-02-20T01:45:21 EST" name="tearDownClass" finished-at="2023-02-20T01:45:30 EST" duration-ms="9291" status="PASS">
          <reporter-output>
          </reporter-output>
        </test-method> <!-- tearDownClass -->
      </class> <!-- runner.ParallelRun -->
    </test> <!-- Test -->
  </suite> <!-- Suite -->
</testng-results>
