<?xml version="1.0" encoding="UTF-8"?>
<testsuite xmlns:xsi="http://www.w3.org/2001/XMLSchema-instance" xsi:noNamespaceSchemaLocation="https://maven.apache.org/surefire/maven-surefire-plugin/xsd/surefire-test-report-3.0.xsd" version="3.0" name="TestSuite" time="83.645" tests="7" errors="0" skipped="0" failures="0">
  <properties>
[...]
</properties>
  <testcase name="runScenario[&quot;Verify the account details in the home page by creating an account, Signout and SignIN&quot;, &quot;Optional[Create an Account]&quot;](1)" classname="runner.ParallelRun" time="25.675">
    <system-out><![CDATA[
@CreateUserAccount
Scenario: Verify the account details in the home page by creating an account, Signout and SignIN # src/test/resources/Features/AssignmentTest.feature:13
  Given Open the browser and Launch the application                                              # stepDefinations.AccountCreationSteps.open_the_browser()
  Given User clicks on Create An Account link                                                    # stepDefinations.AccountCreationSteps.user_clicks_on_create_an_account_link()
  Given User clicks on Create An Account link                                                    # stepDefinations.AccountCreationSteps.user_clicks_on_create_an_account_link()
  And User provides all personal information                                                     # stepDefinations.AccountCreationSteps.user_provides_all_personal_information()
  When User clicks on Create An Account button                                                   # stepDefinations.AccountCreationSteps.user_clicks_on_create_an_account_button()
  Then Account is successfully created                                                           # stepDefinations.AccountCreationSteps.account_is_successfully_created()
  When User logs out and signIn                                                                  # stepDefinations.AccountCreationSteps.user_logs_out_and_signIn()
  And Verify the account details in the home page                                                # stepDefinations.AccountCreationSteps.verify_the_account_details_in_the_home_page()
]]></system-out>
    <system-err><![CDATA[SLF4J: Failed to load class "org.slf4j.impl.StaticLoggerBinder".
SLF4J: Defaulting to no-operation (NOP) logger implementation
SLF4J: See http://www.slf4j.org/codes.html#StaticLoggerBinder for further details.
Starting ChromeDriver 109.0.5414.74 (e7c5703604daa9cc128ccf5a5d3e993513758913-refs/branch-heads/5414@{#1172}) on port 16507
Only local connections are allowed.
Please see https://chromedriver.chromium.org/security-considerations for suggestions on keeping ChromeDriver safe.
ChromeDriver was started successfully.
Feb. 20, 2023 1:44:17 A.M. org.openqa.selenium.remote.ProtocolHandshake createSession
INFO: Detected dialect: W3C
]]></system-err>
  </testcase>
  <testcase name="runScenario[&quot;Verify the error message when mandatory details is missed while doing registration&quot;, &quot;Optional[Create an Account]&quot;](2)" classname="runner.ParallelRun" time="9.238">
    <system-out><![CDATA[
@CreateUserAccount
Scenario Outline: Verify the error message when mandatory details is missed while doing registration # src/test/resources/Features/AssignmentTest.feature:32
  Given Open the browser and Launch the application                                                  # stepDefinations.AccountCreationSteps.open_the_browser()
  Given User clicks on Create An Account link                                                        # stepDefinations.AccountCreationSteps.user_clicks_on_create_an_account_link()
  And User provides personal information by missing "firstName"                                      # stepDefinations.AccountCreationSteps.user_provides_all_personal_information_by_missing(java.lang.String)
  When User clicks on Create An Account button                                                       # stepDefinations.AccountCreationSteps.user_clicks_on_create_an_account_button()
  Then User verifies the error message for missing field                                             # stepDefinations.AccountCreationSteps.user_verifies_the_error_message_for_missing_field()
]]></system-out>
    <system-err><![CDATA[Starting ChromeDriver 109.0.5414.74 (e7c5703604daa9cc128ccf5a5d3e993513758913-refs/branch-heads/5414@{#1172}) on port 19667
Only local connections are allowed.
Please see https://chromedriver.chromium.org/security-considerations for suggestions on keeping ChromeDriver safe.
ChromeDriver was started successfully.
Feb. 20, 2023 1:44:37 A.M. org.openqa.selenium.remote.ProtocolHandshake createSession
INFO: Detected dialect: W3C
]]></system-err>
  </testcase>
  <testcase name="runScenario[&quot;Verify the error message when mandatory details is missed while doing registration&quot;, &quot;Optional[Create an Account]&quot;](3)" classname="runner.ParallelRun" time="7.833">
    <system-out><![CDATA[
@CreateUserAccount
Scenario Outline: Verify the error message when mandatory details is missed while doing registration # src/test/resources/Features/AssignmentTest.feature:33
  Given Open the browser and Launch the application                                                  # stepDefinations.AccountCreationSteps.open_the_browser()
  Given User clicks on Create An Account link                                                        # stepDefinations.AccountCreationSteps.user_clicks_on_create_an_account_link()
  And User provides personal information by missing "lastName"                                       # stepDefinations.AccountCreationSteps.user_provides_all_personal_information_by_missing(java.lang.String)
  When User clicks on Create An Account button                                                       # stepDefinations.AccountCreationSteps.user_clicks_on_create_an_account_button()
  Then User verifies the error message for missing field                                             # stepDefinations.AccountCreationSteps.user_verifies_the_error_message_for_missing_field()
]]></system-out>
    <system-err><![CDATA[Starting ChromeDriver 109.0.5414.74 (e7c5703604daa9cc128ccf5a5d3e993513758913-refs/branch-heads/5414@{#1172}) on port 2044
Only local connections are allowed.
Please see https://chromedriver.chromium.org/security-considerations for suggestions on keeping ChromeDriver safe.
ChromeDriver was started successfully.
Feb. 20, 2023 1:44:46 A.M. org.openqa.selenium.remote.ProtocolHandshake createSession
INFO: Detected dialect: W3C
]]></system-err>
  </testcase>
  <testcase name="runScenario[&quot;Verify the error message when mandatory details is missed while doing registration&quot;, &quot;Optional[Create an Account]&quot;](4)" classname="runner.ParallelRun" time="7.33">
    <system-out><![CDATA[
@CreateUserAccount
Scenario Outline: Verify the error message when mandatory details is missed while doing registration # src/test/resources/Features/AssignmentTest.feature:34
  Given Open the browser and Launch the application                                                  # stepDefinations.AccountCreationSteps.open_the_browser()
  Given User clicks on Create An Account link                                                        # stepDefinations.AccountCreationSteps.user_clicks_on_create_an_account_link()
  And User provides personal information by missing "Email"                                          # stepDefinations.AccountCreationSteps.user_provides_all_personal_information_by_missing(java.lang.String)
  When User clicks on Create An Account button                                                       # stepDefinations.AccountCreationSteps.user_clicks_on_create_an_account_button()
  Then User verifies the error message for missing field                                             # stepDefinations.AccountCreationSteps.user_verifies_the_error_message_for_missing_field()
]]></system-out>
    <system-err><![CDATA[Starting ChromeDriver 109.0.5414.74 (e7c5703604daa9cc128ccf5a5d3e993513758913-refs/branch-heads/5414@{#1172}) on port 16520
Only local connections are allowed.
Please see https://chromedriver.chromium.org/security-considerations for suggestions on keeping ChromeDriver safe.
ChromeDriver was started successfully.
Feb. 20, 2023 1:44:54 A.M. org.openqa.selenium.remote.ProtocolHandshake createSession
INFO: Detected dialect: W3C
]]></system-err>
  </testcase>
  <testcase name="runScenario[&quot;Verify the error message when mandatory details is missed while doing registration&quot;, &quot;Optional[Create an Account]&quot;](5)" classname="runner.ParallelRun" time="7.583">
    <system-out><![CDATA[
@CreateUserAccount
Scenario Outline: Verify the error message when mandatory details is missed while doing registration # src/test/resources/Features/AssignmentTest.feature:35
  Given Open the browser and Launch the application                                                  # stepDefinations.AccountCreationSteps.open_the_browser()
  Given User clicks on Create An Account link                                                        # stepDefinations.AccountCreationSteps.user_clicks_on_create_an_account_link()
  And User provides personal information by missing "Password"                                       # stepDefinations.AccountCreationSteps.user_provides_all_personal_information_by_missing(java.lang.String)
  When User clicks on Create An Account button                                                       # stepDefinations.AccountCreationSteps.user_clicks_on_create_an_account_button()
  Then User verifies the error message for missing field                                             # stepDefinations.AccountCreationSteps.user_verifies_the_error_message_for_missing_field()
]]></system-out>
    <system-err><![CDATA[Starting ChromeDriver 109.0.5414.74 (e7c5703604daa9cc128ccf5a5d3e993513758913-refs/branch-heads/5414@{#1172}) on port 37358
Only local connections are allowed.
Please see https://chromedriver.chromium.org/security-considerations for suggestions on keeping ChromeDriver safe.
ChromeDriver was started successfully.
Feb. 20, 2023 1:45:01 A.M. org.openqa.selenium.remote.ProtocolHandshake createSession
INFO: Detected dialect: W3C
]]></system-err>
  </testcase>
  <testcase name="runScenario[&quot;Verify the error message when mandatory details is missed while doing registration&quot;, &quot;Optional[Create an Account]&quot;](6)" classname="runner.ParallelRun" time="7.251">
    <system-out><![CDATA[
@CreateUserAccount
Scenario Outline: Verify the error message when mandatory details is missed while doing registration # src/test/resources/Features/AssignmentTest.feature:36
  Given Open the browser and Launch the application                                                  # stepDefinations.AccountCreationSteps.open_the_browser()
  Given User clicks on Create An Account link                                                        # stepDefinations.AccountCreationSteps.user_clicks_on_create_an_account_link()
  And User provides personal information by missing "ConfirmPassword"                                # stepDefinations.AccountCreationSteps.user_provides_all_personal_information_by_missing(java.lang.String)
  When User clicks on Create An Account button                                                       # stepDefinations.AccountCreationSteps.user_clicks_on_create_an_account_button()
  Then User verifies the error message for missing field                                             # stepDefinations.AccountCreationSteps.user_verifies_the_error_message_for_missing_field()
]]></system-out>
    <system-err><![CDATA[Starting ChromeDriver 109.0.5414.74 (e7c5703604daa9cc128ccf5a5d3e993513758913-refs/branch-heads/5414@{#1172}) on port 18410
Only local connections are allowed.
Please see https://chromedriver.chromium.org/security-considerations for suggestions on keeping ChromeDriver safe.
ChromeDriver was started successfully.
Feb. 20, 2023 1:45:08 A.M. org.openqa.selenium.remote.ProtocolHandshake createSession
INFO: Detected dialect: W3C
]]></system-err>
  </testcase>
  <testcase name="runScenario[&quot;Verify the error message when all fields are missed while doing registration&quot;, &quot;Optional[Create an Account]&quot;](7)" classname="runner.ParallelRun" time="6.698">
    <system-out><![CDATA[
@CreateUserAccount
Scenario: Verify the error message when all fields are missed while doing registration # src/test/resources/Features/AssignmentTest.feature:38
  Given Open the browser and Launch the application                                    # stepDefinations.AccountCreationSteps.open_the_browser()
  Given User clicks on Create An Account link                                          # stepDefinations.AccountCreationSteps.user_clicks_on_create_an_account_link()
  When User clicks on Create An Account button                                         # stepDefinations.AccountCreationSteps.user_clicks_on_create_an_account_button()
  Then User verifies the error message for missing all fields                          # stepDefinations.AccountCreationSteps.user_verifies_the_error_message_for_missing_all_fields()
]]></system-out>
    <system-err><![CDATA[Starting ChromeDriver 109.0.5414.74 (e7c5703604daa9cc128ccf5a5d3e993513758913-refs/branch-heads/5414@{#1172}) on port 19236
Only local connections are allowed.
Please see https://chromedriver.chromium.org/security-considerations for suggestions on keeping ChromeDriver safe.
ChromeDriver was started successfully.
Feb. 20, 2023 1:45:16 A.M. org.openqa.selenium.remote.ProtocolHandshake createSession
INFO: Detected dialect: W3C
]]></system-err>
  </testcase>
</testsuite>